<?xml version="1.0" encoding="UTF-8"?>
<!-- Generated by org.testng.reporters.JUnitReportReporter -->
<testsuite name="com.framework.automation.PageFactoryFw.homePage.TC002_VerifyLoginWithDifferentRecords" tests="4" time="21.241" ignored="0" failures="0" timestamp="19 Jun 2017 19:49:46 GMT" skipped="1" hostname="mithilesh" errors="0">
  <testcase name="verifyLoginWithDifferentRecords" time="8.021" classname="com.framework.automation.PageFactoryFw.homePage.TC002_VerifyLoginWithDifferentRecords"/>
  <testcase name="verifyLoginWithDifferentRecords" time="5.994" classname="com.framework.automation.PageFactoryFw.homePage.TC002_VerifyLoginWithDifferentRecords"/>
  <testcase name="verifyLoginWithDifferentRecords" time="7.214" classname="com.framework.automation.PageFactoryFw.homePage.TC002_VerifyLoginWithDifferentRecords"/>
  <testcase name="verifyLoginWithDifferentRecords" time="0.012" classname="com.framework.automation.PageFactoryFw.homePage.TC002_VerifyLoginWithDifferentRecords">
    <skipped/>
  </testcase> <!-- verifyLoginWithDifferentRecords -->
</testsuite> <!-- com.framework.automation.PageFactoryFw.homePage.TC002_VerifyLoginWithDifferentRecords -->
