<?xml version="1.0" encoding="UTF-8"?>
<!-- Generated by org.testng.reporters.JUnitReportReporter -->
<testsuite name="com.framework.automation.PageFactoryFw.homePage.TC001_VerifyLoginWithInvalidCrendetials" tests="1" time="4.826" ignored="0" failures="0" timestamp="19 Jun 2017 19:38:29 GMT" skipped="0" hostname="mithilesh" errors="0">
  <testcase name="verifyLoginWithInvalidCrendetials" time="4.826" classname="com.framework.automation.PageFactoryFw.homePage.TC001_VerifyLoginWithInvalidCrendetials"/>
</testsuite> <!-- com.framework.automation.PageFactoryFw.homePage.TC001_VerifyLoginWithInvalidCrendetials -->
