<?xml version="1.0" encoding="UTF-8"?>
<!-- Generated by org.testng.reporters.JUnitReportReporter -->
<testsuite name="com.framework.automation.PageFactoryFw.homePage.TestWait" tests="1" time="26.265" ignored="0" failures="0" timestamp="19 Jun 2017 18:24:05 GMT" skipped="0" hostname="mithilesh" errors="0">
  <testcase name="start" time="26.265" classname="com.framework.automation.PageFactoryFw.homePage.TestWait"/>
</testsuite> <!-- com.framework.automation.PageFactoryFw.homePage.TestWait -->
