<?xml version="1.0" encoding="UTF-8"?>
<!-- Generated by org.testng.reporters.JUnitReportReporter -->
<testsuite name="com.framework.automation.PageFactoryFw.homePage.TC0003_VerifyLoginWithValidCredentials" tests="1" time="67.427" ignored="0" failures="0" timestamp="03 Jul 2017 18:19:19 GMT" skipped="0" hostname="mithilesh" errors="0">
  <testcase name="verifyLoginWithValidCrendetials" time="67.427" classname="com.framework.automation.PageFactoryFw.homePage.TC0003_VerifyLoginWithValidCredentials"/>
</testsuite> <!-- com.framework.automation.PageFactoryFw.homePage.TC0003_VerifyLoginWithValidCredentials -->
