<?xml version="1.0" encoding="UTF-8"?>
<!-- Generated by org.testng.reporters.JUnitReportReporter -->
<testsuite name="com.framework.automation.PageFactoryFw.homePage.TC001_VerifyLoginWithInvalidCrendetials" tests="1" time="12.235" ignored="0" failures="0" timestamp="16 Jun 2017 15:06:46 GMT" skipped="0" hostname="mithilesh" errors="0">
  <testcase name="verifyLoginWithInvalidCrendetials" time="12.235" classname="com.framework.automation.PageFactoryFw.homePage.TC001_VerifyLoginWithInvalidCrendetials"/>
</testsuite> <!-- com.framework.automation.PageFactoryFw.homePage.TC001_VerifyLoginWithInvalidCrendetials -->
